Date & Time: 2025-01-02 12:58:54

CPU Usage: ni,%
Memory Usage: 9995.35%
Disk Usage: 21G of 39G (57%)


Date & Time: 2025-01-02 12:59:54

CPU Usage: %
Memory Usage: 9995.38%
Disk Usage: 21G of 39G (57%)


Date & Time: 2025-01-02 13:02:39
---------------------------------------
CPU Usage: 92.0%
Memory Usage: 9995.38%
Disk Usage: 21G of 39G (57%)


Date & Time: 2025-01-02 13:08:42
---------------------------------------
CPU Usage: %Cpu(s):%
Memory Usage: 9995.40%
Disk Usage: 21G of 39G (57%)


Date & Time: 2025-01-02 13:16:51
---------------------------------------
CPU Usage: us,%
Memory Usage: 9995.48%
Disk Usage: 21G of 39G (57%)



Date & Time: 2025-01-02  13:16:51  |  CPU: 92%,   Memory: 9995.40%,   Disk: 21G of 39G used (57%)

Date & Time: 2025-01-04 13:54:24  |  CPU Usage: st%,  Memory Usage: 9996.99%, Disk Usage: 21G of 39G (58%)

Date & Time: 2025-01-04 14:07:37  |  CPU Usage: %,  Memory Usage: , Disk Usage: 21G of 39G (58%)

Date & Time: 2025-01-04 14:30:25  |  CPU Usage: st%,  Memory Usage: , Disk Usage: 21G of 39G (58%)

Date & Time: 2025-01-04 14:32:39  |  CPU Usage: %,  Memory Usage:  1.2Gi, Disk Usage: 21G of 39G (58%)

Date & Time: 2025-01-04 14:33:08  |  CPU Usage: 0.0%,  Memory Usage: 1.2Gi, Disk Usage: 21G of 39G (58%)

Date & Time: 2025-01-04 14:55:21  |  CPU Usage: 7.4 %,  Memory Usage: 1.2Gi, Disk Usage: 21G of 39G (58%)

Date & Time: 2025-01-04 14:55:30  |  CPU Usage: 22.7 %,  Memory Usage: 1.2Gi, Disk Usage: 21G of 39G (58%)

Date & Time: 2025-01-04 14:55:35  |  CPU Usage: 13.6 %,  Memory Usage: 1.2Gi, Disk Usage: 21G of 39G (58%)

Date & Time: 2025-01-04 14:57:13  |  CPU Usage: 13.6 %,  Memory Usage: 1.2Gi, Disk Usage: 21G of 39G (58%)

Date & Time: 2025-01-04 14:57:38  |  CPU Usage: 18.2 %,  Memory Usage: 1.2Gi, Disk Usage: 21G of 39G (58%)

Date & Time: 2025-01-04 15:18:31  |  CPU Usage: 13.0 %,  Memory Usage: 1.2Gi, Disk Usage: 21G of 39G (58%)

Date & Time: 2025-01-04 15:18:43  |  CPU Usage: 11.1 %,  Memory Usage: 1.2Gi, Disk Usage: 21G of 39G (58%)

Date & Time: 2025-01-04 15:18:45  |  CPU Usage: 12.9 %,  Memory Usage: 1.2Gi, Disk Usage: 21G of 39G (58%)

Date & Time: 2025-01-04 15:18:47  |  CPU Usage: 6.9 %,  Memory Usage: 1.2Gi, Disk Usage: 21G of 39G (58%)

Date & Time: 2025-01-04 15:18:49  |  CPU Usage: 6.9 %,  Memory Usage: 1.2Gi, Disk Usage: 21G of 39G (58%)

Date & Time: 2025-01-04 15:19:13  |  CPU Usage: 9.7 %,  Memory Usage: 1.2Gi, Disk Usage: 21G of 39G (58%)

Date & Time: 2025-01-04 15:19:15  |  CPU Usage: 12.9 %,  Memory Usage: 1.2Gi, Disk Usage: 21G of 39G (58%)

Date & Time: 2025-01-04 15:19:17  |  CPU Usage: 6.7 %,  Memory Usage: 1.2Gi, Disk Usage: 21G of 39G (58%)

Date & Time: 2025-01-04 15:19:19  |  CPU Usage: 6.7 %,  Memory Usage: 1.2Gi, Disk Usage: 21G of 39G (58%)

Date & Time: 2025-01-04 15:19:22  |  CPU Usage: 10.0 %,  Memory Usage: 1.2Gi, Disk Usage: 21G of 39G (58%)

Date & Time: 2025-01-04 15:19:24  |  CPU Usage: 9.7 %,  Memory Usage: 1.2Gi, Disk Usage: 21G of 39G (58%)

Date & Time: 2025-01-04 15:19:26  |  CPU Usage: 9.7 %,  Memory Usage: 1.2Gi, Disk Usage: 21G of 39G (58%)

Date & Time: 2025-01-04 15:19:28  |  CPU Usage: 3.4 %,  Memory Usage: 1.2Gi, Disk Usage: 21G of 39G (58%)

Date & Time: 2025-01-04 15:19:30  |  CPU Usage: 6.7 %,  Memory Usage: 1.2Gi, Disk Usage: 21G of 39G (58%)

Date & Time: 2025-01-04 15:19:33  |  CPU Usage: 6.9 %,  Memory Usage: 1.2Gi, Disk Usage: 21G of 39G (58%)

Date & Time: 2025-01-04 15:19:35  |  CPU Usage: 9.7 %,  Memory Usage: 1.2Gi, Disk Usage: 21G of 39G (58%)

Date & Time: 2025-01-04 15:20:56  |  CPU Usage: 16.7 %,  Memory Usage: 1.2Gi, Disk Usage: 21G of 39G (58%)

